
Fri Aug 10 14:55:52 2012
C:\oraclexe\app\oracle\product\10.2.0\server\bin\oradim.exe -startup -sid xe -usrpwd *  -log oradim.log -nocheck 0 

Mon Aug 13 10:09:16 2012
C:\oraclexe\app\oracle\product\10.2.0\server\bin\oradim.exe -startup -sid xe -usrpwd *  -log oradim.log -nocheck 0 

Tue Aug 14 09:30:45 2012
C:\oraclexe\app\oracle\product\10.2.0\server\bin\oradim.exe -startup -sid xe -usrpwd *  -log oradim.log -nocheck 0 

Thu Aug 16 10:28:19 2012
C:\oraclexe\app\oracle\product\10.2.0\server\bin\oradim.exe -startup -sid xe -usrpwd *  -log oradim.log -nocheck 0 

Fri Aug 17 09:53:04 2012
C:\oraclexe\app\oracle\product\10.2.0\server\bin\oradim.exe -startup -sid xe -usrpwd *  -log oradim.log -nocheck 0 
Fri Aug 17 09:53:27 2012
ORA-12638: Credential retrieval failed


Fri Aug 17 09:54:33 2012
C:\oraclexe\app\oracle\product\10.2.0\server\bin\oradim.exe -startup -sid xe -usrpwd *  -log oradim.log -nocheck 0 

Fri Aug 17 11:35:38 2012
C:\oraclexe\app\oracle\product\10.2.0\server\bin\oradim.exe -startup -sid xe -usrpwd *  -log oradim.log -nocheck 0 

Mon Aug 20 08:25:56 2012
C:\oraclexe\app\oracle\product\10.2.0\server\bin\oradim.exe -startup -sid xe -usrpwd *  -log oradim.log -nocheck 0 

Tue Aug 21 10:43:43 2012
C:\oraclexe\app\oracle\product\10.2.0\server\bin\oradim.exe -startup -sid xe -usrpwd *  -log oradim.log -nocheck 0 

Wed Aug 22 10:52:05 2012
C:\oraclexe\app\oracle\product\10.2.0\server\bin\oradim.exe -startup -sid xe -usrpwd *  -log oradim.log -nocheck 0 

Thu Aug 23 10:52:48 2012
C:\oraclexe\app\oracle\product\10.2.0\server\bin\oradim.exe -startup -sid xe -usrpwd *  -log oradim.log -nocheck 0 

Mon Aug 27 10:31:04 2012
C:\oraclexe\app\oracle\product\10.2.0\server\bin\oradim.exe -startup -sid xe -usrpwd *  -log oradim.log -nocheck 0 

Tue Aug 28 10:35:43 2012
C:\oraclexe\app\oracle\product\10.2.0\server\bin\oradim.exe -startup -sid xe -usrpwd *  -log oradim.log -nocheck 0 

Wed Aug 29 10:26:00 2012
C:\oraclexe\app\oracle\product\10.2.0\server\bin\oradim.exe -startup -sid xe -usrpwd *  -log oradim.log -nocheck 0 

Thu Aug 30 11:02:18 2012
C:\oraclexe\app\oracle\product\10.2.0\server\bin\oradim.exe -startup -sid xe -usrpwd *  -log oradim.log -nocheck 0 

Fri Aug 31 10:15:57 2012
C:\oraclexe\app\oracle\product\10.2.0\server\bin\oradim.exe -startup -sid xe -usrpwd *  -log oradim.log -nocheck 0 

Mon Sep 03 10:40:04 2012
C:\oraclexe\app\oracle\product\10.2.0\server\bin\oradim.exe -startup -sid xe -usrpwd *  -log oradim.log -nocheck 0 

Tue Sep 04 09:01:26 2012
C:\oraclexe\app\oracle\product\10.2.0\server\bin\oradim.exe -startup -sid xe -usrpwd *  -log oradim.log -nocheck 0 

Wed Sep 05 10:11:57 2012
C:\oraclexe\app\oracle\product\10.2.0\server\bin\oradim.exe -startup -sid xe -usrpwd *  -log oradim.log -nocheck 0 

Thu Sep 06 10:39:28 2012
C:\oraclexe\app\oracle\product\10.2.0\server\bin\oradim.exe -startup -sid xe -usrpwd *  -log oradim.log -nocheck 0 

Fri Sep 07 09:33:10 2012
C:\oraclexe\app\oracle\product\10.2.0\server\bin\oradim.exe -startup -sid xe -usrpwd *  -log oradim.log -nocheck 0 

Mon Sep 10 10:30:52 2012
C:\oraclexe\app\oracle\product\10.2.0\server\bin\oradim.exe -startup -sid xe -usrpwd *  -log oradim.log -nocheck 0 

Mon Sep 10 10:43:36 2012
C:\oraclexe\app\oracle\product\10.2.0\server\bin\oradim.exe -startup -sid xe -usrpwd *  -log oradim.log -nocheck 0 

Tue Sep 11 09:47:25 2012
C:\oraclexe\app\oracle\product\10.2.0\server\bin\oradim.exe -startup -sid xe -usrpwd *  -log oradim.log -nocheck 0 

Wed Sep 12 09:51:44 2012
C:\oraclexe\app\oracle\product\10.2.0\server\bin\oradim.exe -startup -sid xe -usrpwd *  -log oradim.log -nocheck 0 

Thu Sep 13 09:46:31 2012
C:\oraclexe\app\oracle\product\10.2.0\server\bin\oradim.exe -startup -sid xe -usrpwd *  -log oradim.log -nocheck 0 

Thu Sep 13 09:47:52 2012
C:\oraclexe\app\oracle\product\10.2.0\server\bin\oradim.exe -startup -sid xe -usrpwd *  -log oradim.log -nocheck 0 

Mon Sep 17 11:20:33 2012
C:\oraclexe\app\oracle\product\10.2.0\server\bin\oradim.exe -startup -sid xe -usrpwd *  -log oradim.log -nocheck 0 

Tue Sep 18 09:44:52 2012
C:\oraclexe\app\oracle\product\10.2.0\server\bin\oradim.exe -startup -sid xe -usrpwd *  -log oradim.log -nocheck 0 

Thu Sep 20 09:46:09 2012
C:\oraclexe\app\oracle\product\10.2.0\server\bin\oradim.exe -startup -sid xe -usrpwd *  -log oradim.log -nocheck 0 

Fri Sep 21 10:17:40 2012
C:\oraclexe\app\oracle\product\10.2.0\server\bin\oradim.exe -startup -sid xe -usrpwd *  -log oradim.log -nocheck 0 

Mon Sep 24 09:49:01 2012
C:\oraclexe\app\oracle\product\10.2.0\server\bin\oradim.exe -startup -sid xe -usrpwd *  -log oradim.log -nocheck 0 

Tue Sep 25 09:57:51 2012
C:\oraclexe\app\oracle\product\10.2.0\server\bin\oradim.exe -startup -sid xe -usrpwd *  -log oradim.log -nocheck 0 

Wed Sep 26 10:15:59 2012
C:\oraclexe\app\oracle\product\10.2.0\server\bin\oradim.exe -startup -sid xe -usrpwd *  -log oradim.log -nocheck 0 

Thu Sep 27 10:19:27 2012
C:\oraclexe\app\oracle\product\10.2.0\server\bin\oradim.exe -startup -sid xe -usrpwd *  -log oradim.log -nocheck 0 

Fri Sep 28 10:14:44 2012
C:\oraclexe\app\oracle\product\10.2.0\server\bin\oradim.exe -startup -sid xe -usrpwd *  -log oradim.log -nocheck 0 

Wed Oct 03 09:14:32 2012
C:\oraclexe\app\oracle\product\10.2.0\server\bin\oradim.exe -startup -sid xe -usrpwd *  -log oradim.log -nocheck 0 

Thu Oct 04 10:03:33 2012
C:\oraclexe\app\oracle\product\10.2.0\server\bin\oradim.exe -startup -sid xe -usrpwd *  -log oradim.log -nocheck 0 

Fri Oct 05 10:28:34 2012
C:\oraclexe\app\oracle\product\10.2.0\server\bin\oradim.exe -startup -sid xe -usrpwd *  -log oradim.log -nocheck 0 

Mon Oct 08 10:21:21 2012
C:\oraclexe\app\oracle\product\10.2.0\server\bin\oradim.exe -startup -sid xe -usrpwd *  -log oradim.log -nocheck 0 

Tue Oct 09 10:26:49 2012
C:\oraclexe\app\oracle\product\10.2.0\server\bin\oradim.exe -startup -sid xe -usrpwd *  -log oradim.log -nocheck 0 

Wed Oct 10 10:46:01 2012
C:\oraclexe\app\oracle\product\10.2.0\server\bin\oradim.exe -startup -sid xe -usrpwd *  -log oradim.log -nocheck 0 

Thu Oct 11 10:25:34 2012
C:\oraclexe\app\oracle\product\10.2.0\server\bin\oradim.exe -startup -sid xe -usrpwd *  -log oradim.log -nocheck 0 

Fri Oct 12 09:50:33 2012
C:\oraclexe\app\oracle\product\10.2.0\server\bin\oradim.exe -startup -sid xe -usrpwd *  -log oradim.log -nocheck 0 

Mon Oct 15 10:29:29 2012
C:\oraclexe\app\oracle\product\10.2.0\server\bin\oradim.exe -startup -sid xe -usrpwd *  -log oradim.log -nocheck 0 

Mon Oct 15 15:36:57 2012
C:\oraclexe\app\oracle\product\10.2.0\server\bin\oradim.exe -startup -sid xe -usrpwd *  -log oradim.log -nocheck 0 

Tue Oct 16 09:27:27 2012
C:\oraclexe\app\oracle\product\10.2.0\server\bin\oradim.exe -startup -sid xe -usrpwd *  -log oradim.log -nocheck 0 

Tue Oct 23 11:20:07 2012
C:\oraclexe\app\oracle\product\10.2.0\server\bin\oradim.exe -startup -sid xe -usrpwd *  -log oradim.log -nocheck 0 

Thu Nov 01 12:12:01 2012
C:\oraclexe\app\oracle\product\10.2.0\server\bin\oradim.exe -startup -sid xe -usrpwd *  -log oradim.log -nocheck 0 

Fri Nov 02 09:49:27 2012
C:\oraclexe\app\oracle\product\10.2.0\server\bin\oradim.exe -startup -sid xe -usrpwd *  -log oradim.log -nocheck 0 

Thu Nov 15 03:21:01 2012
C:\oraclexe\app\oracle\product\10.2.0\server\bin\oradim.exe -startup -sid xe -usrpwd *  -log oradim.log -nocheck 0 

Wed Nov 21 03:49:45 2012
C:\oraclexe\app\oracle\product\10.2.0\server\bin\oradim.exe -startup -sid xe -usrpwd *  -log oradim.log -nocheck 0 

Thu Dec 13 03:24:07 2012
C:\oraclexe\app\oracle\product\10.2.0\server\bin\oradim.exe -startup -sid xe -usrpwd *  -log oradim.log -nocheck 0 

Sat Dec 22 03:18:09 2012
C:\oraclexe\app\oracle\product\10.2.0\server\bin\oradim.exe -startup -sid xe -usrpwd *  -log oradim.log -nocheck 0 

Thu Jan 10 03:27:33 2013
C:\oraclexe\app\oracle\product\10.2.0\server\bin\oradim.exe -startup -sid xe -usrpwd *  -log oradim.log -nocheck 0 

Mon Jan 21 12:21:30 2013
C:\oraclexe\app\oracle\product\10.2.0\server\bin\oradim.exe -startup -sid xe -usrpwd *  -log oradim.log -nocheck 0 

Mon Jan 21 12:34:09 2013
C:\oraclexe\app\oracle\product\10.2.0\server\bin\oradim.exe -startup -sid xe -usrpwd *  -log oradim.log -nocheck 0 

Mon Jan 21 15:43:44 2013
C:\oraclexe\app\oracle\product\10.2.0\server\bin\oradim.exe -startup -sid xe -usrpwd *  -log oradim.log -nocheck 0 

Tue Jan 22 10:43:44 2013
C:\oraclexe\app\oracle\product\10.2.0\server\bin\oradim.exe -startup -sid xe -usrpwd *  -log oradim.log -nocheck 0 

Tue Jan 22 11:03:13 2013
C:\oraclexe\app\oracle\product\10.2.0\server\bin\oradim.exe -startup -sid xe -usrpwd *  -log oradim.log -nocheck 0 
